module.github-oidc-provider-data-ecr.data.tls_certificate.github: Reading...
module.github-oidc-provider.data.tls_certificate.github: Reading...
module.github-oidc-provider-data-engineering.data.tls_certificate.github: Reading...
module.github-oidc-provider-sandbox.data.tls_certificate.github: Reading...
data.aws_iam_policy_document.github_actions_iam_permissions: Reading...
data.aws_iam_policy_document.github_actions_iam_permissions_data_engineering: Reading...
data.aws_iam_policy_document.github_actions_iam_permissions_data_ecr: Reading...
data.aws_iam_policy_document.github_actions_iam_permissions_data_ecr: Read complete after 0s [id=162489015]
data.aws_iam_policy_document.github_actions_iam_permissions: Read complete after 0s [id=1171255858]
data.aws_iam_policy_document.github_actions_iam_permissions_data_engineering: Read complete after 0s [id=4117329704]
data.aws_iam_policy_document.github_actions_iam_permissions_sandbox: Reading...
data.aws_iam_policy_document.github_actions_role_permissions["analytical-platform-data-engineering"]: Reading...
data.aws_iam_policy_document.github_actions_iam_permissions_sandbox: Read complete after 0s [id=741538099]
data.aws_iam_policy_document.github_actions_role_permissions["lookup-offence"]: Reading...
data.aws_iam_policy_document.github_actions_role_permissions["data-uploader"]: Reading...
data.aws_iam_policy_document.github_actions_role_permissions["lookup-offence"]: Read complete after 0s [id=3368436687]
data.aws_iam_policy_document.github_actions_role_permissions["analytical-platform-data-engineering"]: Read complete after 0s [id=1125708647]
data.aws_iam_policy_document.github_actions_role_permissions["analytical-platform-data-engineering-sandbox"]: Reading...
data.aws_iam_policy_document.github_actions_role_permissions["data-engineering-pulumi-components"]: Reading...
data.aws_iam_policy_document.github_actions_role_permissions["data-uploader"]: Read complete after 0s [id=3721263213]
data.aws_iam_policy_document.github_actions_role_permissions["analytical-platform-data-engineering-sandbox"]: Read complete after 0s [id=2941591389]
data.aws_iam_policy_document.github_actions_role_permissions["moj-data-transfer-api-infra"]: Reading...
data.aws_iam_policy_document.github_actions_role_permissions["data-engineering-pulumi-components"]: Read complete after 0s [id=2739663546]
data.aws_iam_policy_document.github_actions_role_permissions["create-a-derived-table"]: Reading...
data.aws_iam_policy_document.github_actions_role_permissions["moj-data-transfer-api-infra"]: Read complete after 0s [id=1052425430]
data.aws_iam_policy_document.github_actions_role_permissions["data-engineering-airflow"]: Reading...
data.aws_iam_policy_document.github_actions_role_permissions["create-a-derived-table"]: Read complete after 0s [id=3368436687]
data.aws_iam_policy_document.github_actions_role_permissions["lookup-offence-sandbox"]: Reading...
data.aws_iam_policy_document.github_actions_role_permissions["data-platform-apps"]: Reading...
data.aws_iam_policy_document.github_actions_role_permissions["pulumi-oidc-test"]: Reading...
data.aws_iam_policy_document.github_actions_role_permissions["register-my-data"]: Reading...
data.aws_iam_policy_document.github_actions_role_permissions["data-platform-apps"]: Read complete after 0s [id=3368436687]
data.aws_iam_policy_document.github_actions_role_permissions["data-engineering-airflow"]: Read complete after 0s [id=3855299835]
data.aws_iam_policy_document.github_actions_role_permissions["pulumi-oidc-test"]: Read complete after 0s [id=140243935]
data.aws_iam_policy_document.github_actions_role_permissions["lookup-offence-sandbox"]: Read complete after 0s [id=638537264]
data.aws_iam_policy_document.github_actions_role_permissions["register-my-data"]: Read complete after 0s [id=2801557535]
module.mi-dev-data-assumable-role.data.aws_partition.current: Reading...
module.mi-dev-data-assumable-role.data.aws_caller_identity.current: Reading...
module.mi-dev-data-assumable-role.data.aws_partition.current: Read complete after 0s [id=aws]
module.prod-assumable-role.data.aws_partition.current: Reading...
module.prod-assumable-role.data.aws_caller_identity.current: Reading...
module.landing-assumable-role.data.aws_partition.current: Reading...
module.landing-assumable-role.data.aws_caller_identity.current: Reading...
module.prod-assumable-role.data.aws_partition.current: Read complete after 0s [id=aws]
module.landing-assumable-role.data.aws_partition.current: Read complete after 0s [id=aws]
module.data-assumable-role["data-engineering-infrastructure"].data.aws_caller_identity.current: Reading...
module.data-assumable-role["github-actions-infrastructure"].data.aws_caller_identity.current: Reading...
module.github-oidc-provider-data-ecr.data.tls_certificate.github: Read complete after 0s [id=7eb5508708a4b70fa4fcc76a72d83ee71bfe84ff]
data.aws_iam_roles.data-self-hosted-runner-roles: Reading...
module.data-assumable-role["data-engineering-infrastructure"].data.aws_partition.current: Reading...
module.data-assumable-role["data-engineering-infrastructure"].data.aws_partition.current: Read complete after 0s [id=aws]
module.github-oidc-provider-data-ecr.data.aws_caller_identity.current: Reading...
module.github-oidc-provider-data-engineering.data.tls_certificate.github: Read complete after 0s [id=7eb5508708a4b70fa4fcc76a72d83ee71bfe84ff]
module.github-oidc-provider.data.tls_certificate.github: Read complete after 0s [id=7eb5508708a4b70fa4fcc76a72d83ee71bfe84ff]
module.data-assumable-role["github-actions-infrastructure"].data.aws_partition.current: Reading...
module.data-engineering-assumable-role["github-actions-infrastructure"].data.aws_caller_identity.current: Reading...
module.data-assumable-role["github-actions-infrastructure"].data.aws_partition.current: Read complete after 0s [id=aws]
module.github-oidc-provider-data-engineering.data.aws_caller_identity.current: Reading...
module.github-oidc-provider-sandbox.data.tls_certificate.github: Read complete after 0s [id=7eb5508708a4b70fa4fcc76a72d83ee71bfe84ff]
module.data-engineering-assumable-role["data-engineering-infrastructure"].data.aws_partition.current: Reading...
module.data-engineering-assumable-role["data-engineering-infrastructure"].data.aws_partition.current: Read complete after 0s [id=aws]
module.data-engineering-assumable-role["data-engineering-infrastructure"].data.aws_caller_identity.current: Reading...
module.mi-dev-data-assumable-role.data.aws_caller_identity.current: Read complete after 0s [id=967617145656]
module.data-engineering-assumable-role["github-actions-infrastructure"].data.aws_partition.current: Reading...
module.data-engineering-assumable-role["github-actions-infrastructure"].data.aws_partition.current: Read complete after 0s [id=aws]
module.landing-assumable-role.data.aws_caller_identity.current: Read complete after 0s [id=335823981503]
module.prod-assumable-role.data.aws_caller_identity.current: Read complete after 0s [id=312423030077]
module.github_actions_roles_data["lookup-offence"].data.aws_caller_identity.current: Reading...
module.github_actions_roles_data_engineering["data-engineering-airflow"].data.aws_caller_identity.current: Reading...
module.data-assumable-role["data-engineering-infrastructure"].data.aws_caller_identity.current: Read complete after 0s [id=593291632749]
module.github_actions_roles_data["create-a-derived-table"].data.aws_caller_identity.current: Reading...
module.github_actions_roles_data["data-platform-apps"].data.aws_caller_identity.current: Reading...
module.data-assumable-role["github-actions-infrastructure"].data.aws_caller_identity.current: Read complete after 0s [id=593291632749]
module.github_actions_roles_data_engineering["data-uploader"].data.aws_caller_identity.current: Reading...
module.github-oidc-provider-data-ecr.data.aws_caller_identity.current: Read complete after 0s [id=593291632749]
module.github_actions_roles_data["lookup-offence"].data.aws_caller_identity.current: Read complete after 0s [id=593291632749]
module.github_actions_roles_data_engineering["moj-data-transfer-api-infra"].data.aws_caller_identity.current: Reading...
module.github_actions_roles_data_engineering["register-my-data"].data.aws_caller_identity.current: Reading...
module.github_actions_roles_data["create-a-derived-table"].data.aws_caller_identity.current: Read complete after 1s [id=593291632749]
module.github_actions_roles_data_engineering["analytical-platform-data-engineering"].data.aws_caller_identity.current: Reading...
module.github_actions_roles_data["data-platform-apps"].data.aws_caller_identity.current: Read complete after 1s [id=593291632749]
module.dev-data-assumable-role.data.aws_partition.current: Reading...
module.dev-data-assumable-role.data.aws_partition.current: Read complete after 0s [id=aws]
module.dev-data-assumable-role.data.aws_caller_identity.current: Reading...
module.github-oidc-provider-data-engineering.data.aws_caller_identity.current: Read complete after 1s [id=189157455002]
module.dev-assumable-role.data.aws_caller_identity.current: Reading...
module.data-engineering-assumable-role["github-actions-infrastructure"].data.aws_caller_identity.current: Read complete after 1s [id=189157455002]
module.data-engineering-assumable-role["data-engineering-infrastructure"].data.aws_caller_identity.current: Read complete after 1s [id=189157455002]
module.dev-assumable-role.data.aws_partition.current: Reading...
module.dev-assumable-role.data.aws_partition.current: Read complete after 0s [id=aws]
data.aws_iam_roles.dev-self-hosted-runner-roles: Reading...
module.github_actions_roles_sandbox["pulumi-oidc-test"].data.aws_caller_identity.current: Reading...
module.github_actions_roles_data_engineering["data-uploader"].data.aws_caller_identity.current: Read complete after 1s [id=189157455002]
data.aws_iam_roles.analytical-platform-sso-admin-access-sandbox: Reading...
module.github_actions_roles_data_engineering["data-engineering-airflow"].data.aws_caller_identity.current: Read complete after 1s [id=189157455002]
module.github_actions_roles_sandbox["analytical-platform-data-engineering-sandbox"].data.aws_caller_identity.current: Reading...
module.github_actions_roles_data_engineering["register-my-data"].data.aws_caller_identity.current: Read complete after 1s [id=189157455002]
module.github-oidc-provider-sandbox.data.aws_caller_identity.current: Reading...
module.github_actions_roles_data_engineering["moj-data-transfer-api-infra"].data.aws_caller_identity.current: Read complete after 1s [id=189157455002]
module.sandbox-assumable-role.data.aws_caller_identity.current: Reading...
module.github_actions_roles_data_engineering["analytical-platform-data-engineering"].data.aws_caller_identity.current: Read complete after 0s [id=189157455002]
module.sandbox-assumable-role.data.aws_partition.current: Reading...
module.sandbox-assumable-role.data.aws_partition.current: Read complete after 0s [id=aws]
module.github_actions_roles_sandbox["data-engineering-pulumi-components"].data.aws_caller_identity.current: Reading...
module.dev-data-assumable-role.data.aws_caller_identity.current: Read complete after 0s [id=803963757240]
module.github_actions_roles_sandbox["lookup-offence-sandbox"].data.aws_caller_identity.current: Reading...
module.dev-assumable-role.data.aws_caller_identity.current: Read complete after 0s [id=525294151996]
module.github_actions_roles_sandbox["pulumi-oidc-test"].data.aws_caller_identity.current: Read complete after 0s [id=684969100054]
module.github_actions_roles_sandbox["analytical-platform-data-engineering-sandbox"].data.aws_caller_identity.current: Read complete after 0s [id=684969100054]
data.aws_iam_roles.analytical-platform-sso-admin-access-sandbox: Read complete after 0s [id=eu-west-1]
module.github-oidc-provider-sandbox.data.aws_caller_identity.current: Read complete after 0s [id=684969100054]
module.github_actions_roles_sandbox["data-engineering-pulumi-components"].data.aws_caller_identity.current: Read complete after 0s [id=684969100054]
module.sandbox-assumable-role.data.aws_caller_identity.current: Read complete after 0s [id=684969100054]
module.github_actions_roles_sandbox["lookup-offence-sandbox"].data.aws_caller_identity.current: Read complete after 0s [id=684969100054]
data.aws_caller_identity.session: Reading...
module.github-oidc-provider-data-engineering.aws_iam_openid_connect_provider.github_actions: Refreshing state... [id=arn:aws:iam::189157455002:oidc-provider/token.actions.githubusercontent.com]
module.github-oidc-provider-data-ecr.aws_iam_openid_connect_provider.github_actions: Refreshing state... [id=arn:aws:iam::593291632749:oidc-provider/token.actions.githubusercontent.com]
module.github-oidc-provider-sandbox.aws_iam_openid_connect_provider.github_actions: Refreshing state... [id=arn:aws:iam::684969100054:oidc-provider/token.actions.githubusercontent.com]
module.github_actions_roles_data["lookup-offence"].data.aws_iam_policy_document.this: Reading...
module.github_actions_roles_data["data-platform-apps"].data.aws_iam_policy_document.this: Reading...
module.github_actions_roles_data["create-a-derived-table"].data.aws_iam_policy_document.this: Reading...
module.github_actions_roles_data["lookup-offence"].data.aws_iam_policy_document.this: Read complete after 0s [id=116186772]
module.github_actions_roles_data["create-a-derived-table"].data.aws_iam_policy_document.this: Read complete after 0s [id=3332187615]
module.github-oidc-provider-data-ecr.data.aws_iam_policy_document.github_oidc_assume_role: Reading...
module.github_actions_roles_data["data-platform-apps"].data.aws_iam_policy_document.this: Read complete after 0s [id=4196913254]
module.github-oidc-provider-data-engineering.data.aws_iam_policy_document.github_oidc_assume_role: Reading...
module.github-oidc-provider-data-ecr.aws_iam_policy.extra_permissions: Refreshing state... [id=arn:aws:iam::593291632749:policy/github-actions-ecr-oidc]
module.github-oidc-provider-data-engineering.data.aws_iam_policy_document.github_oidc_assume_role: Read complete after 0s [id=2509100628]
module.github-oidc-provider-data-engineering.aws_iam_policy.extra_permissions: Refreshing state... [id=arn:aws:iam::189157455002:policy/github-actions-iam]
module.github-oidc-provider-sandbox.aws_iam_policy.extra_permissions: Refreshing state... [id=arn:aws:iam::684969100054:policy/github-actions-iam]
module.github-oidc-provider-data-ecr.data.aws_iam_policy_document.github_oidc_assume_role: Read complete after 0s [id=1851885959]
module.github_actions_roles_data_engineering["register-my-data"].data.aws_iam_policy_document.this: Reading...
module.github_actions_roles_data_engineering["register-my-data"].data.aws_iam_policy_document.this: Read complete after 0s [id=307510980]
module.github_actions_roles_data_engineering["data-engineering-airflow"].data.aws_iam_policy_document.this: Reading...
module.github_actions_roles_data_engineering["data-engineering-airflow"].data.aws_iam_policy_document.this: Read complete after 0s [id=2444465125]
module.github_actions_roles_data_engineering["analytical-platform-data-engineering"].data.aws_iam_policy_document.this: Reading...
module.github_actions_roles_data_engineering["analytical-platform-data-engineering"].data.aws_iam_policy_document.this: Read complete after 0s [id=3142893532]
module.github_actions_roles_data_engineering["data-uploader"].data.aws_iam_policy_document.this: Reading...
module.github_actions_roles_data_engineering["data-uploader"].data.aws_iam_policy_document.this: Read complete after 0s [id=1066445387]
module.github_actions_roles_data_engineering["moj-data-transfer-api-infra"].data.aws_iam_policy_document.this: Reading...
module.github_actions_roles_data_engineering["moj-data-transfer-api-infra"].data.aws_iam_policy_document.this: Read complete after 0s [id=4055918667]
module.github_actions_roles_sandbox["pulumi-oidc-test"].data.aws_iam_policy_document.combined-role-policy[0]: Reading...
module.github_actions_roles_sandbox["pulumi-oidc-test"].data.aws_iam_policy_document.combined-role-policy[0]: Read complete after 0s [id=140243935]
module.github_actions_roles_data["data-platform-apps"].data.aws_iam_policy_document.combined-role-policy[0]: Reading...
module.github_actions_roles_data["data-platform-apps"].data.aws_iam_policy_document.combined-role-policy[0]: Read complete after 0s [id=3368436687]
module.github-oidc-provider-sandbox.data.aws_iam_policy_document.github_oidc_assume_role: Reading...
module.github-oidc-provider-sandbox.data.aws_iam_policy_document.github_oidc_assume_role: Read complete after 0s [id=1505476084]
module.github_actions_roles_sandbox["analytical-platform-data-engineering-sandbox"].data.aws_iam_policy_document.combined-role-policy[0]: Reading...
module.github_actions_roles_sandbox["analytical-platform-data-engineering-sandbox"].data.aws_iam_policy_document.combined-role-policy[0]: Read complete after 0s [id=2941591389]
module.github_actions_roles_sandbox["data-engineering-pulumi-components"].data.aws_iam_policy_document.combined-role-policy[0]: Reading...
module.github_actions_roles_sandbox["data-engineering-pulumi-components"].data.aws_iam_policy_document.combined-role-policy[0]: Read complete after 0s [id=2739663546]
module.github_actions_roles_sandbox["lookup-offence-sandbox"].data.aws_iam_policy_document.combined-role-policy[0]: Reading...
module.github_actions_roles_sandbox["lookup-offence-sandbox"].data.aws_iam_policy_document.combined-role-policy[0]: Read complete after 0s [id=638537264]
module.github_actions_roles_data_engineering["analytical-platform-data-engineering"].data.aws_iam_policy_document.combined-role-policy[0]: Reading...
module.github_actions_roles_data_engineering["analytical-platform-data-engineering"].data.aws_iam_policy_document.combined-role-policy[0]: Read complete after 0s [id=1125708647]
module.github_actions_roles_data["lookup-offence"].data.aws_iam_policy_document.combined-role-policy[0]: Reading...
module.github_actions_roles_data["lookup-offence"].data.aws_iam_policy_document.combined-role-policy[0]: Read complete after 0s [id=3368436687]
module.github_actions_roles_data["create-a-derived-table"].data.aws_iam_policy_document.combined-role-policy[0]: Reading...
module.github_actions_roles_data["create-a-derived-table"].data.aws_iam_policy_document.combined-role-policy[0]: Read complete after 0s [id=3368436687]
module.github_actions_roles_data_engineering["data-engineering-airflow"].data.aws_iam_policy_document.combined-role-policy[0]: Reading...
module.github_actions_roles_data_engineering["data-engineering-airflow"].data.aws_iam_policy_document.combined-role-policy[0]: Read complete after 0s [id=3855299835]
module.github_actions_roles_data_engineering["data-uploader"].data.aws_iam_policy_document.combined-role-policy[0]: Reading...
module.github_actions_roles_data_engineering["data-uploader"].data.aws_iam_policy_document.combined-role-policy[0]: Read complete after 0s [id=3721263213]
module.github_actions_roles_data_engineering["moj-data-transfer-api-infra"].data.aws_iam_policy_document.combined-role-policy[0]: Reading...
module.github_actions_roles_data_engineering["moj-data-transfer-api-infra"].data.aws_iam_policy_document.combined-role-policy[0]: Read complete after 0s [id=1052425430]
module.github_actions_roles_data_engineering["register-my-data"].data.aws_iam_policy_document.combined-role-policy[0]: Reading...
module.github_actions_roles_data_engineering["register-my-data"].data.aws_iam_policy_document.combined-role-policy[0]: Read complete after 0s [id=2801557535]
module.github_actions_roles_sandbox["pulumi-oidc-test"].data.aws_iam_policy_document.this: Reading...
module.github_actions_roles_sandbox["pulumi-oidc-test"].data.aws_iam_policy_document.this: Read complete after 0s [id=1284731045]
module.github_actions_roles_sandbox["analytical-platform-data-engineering-sandbox"].data.aws_iam_policy_document.this: Reading...
module.github_actions_roles_sandbox["analytical-platform-data-engineering-sandbox"].data.aws_iam_policy_document.this: Read complete after 0s [id=2807841532]
module.github_actions_roles_sandbox["data-engineering-pulumi-components"].data.aws_iam_policy_document.this: Reading...
module.github_actions_roles_sandbox["data-engineering-pulumi-components"].data.aws_iam_policy_document.this: Read complete after 0s [id=3540965593]
module.github_actions_roles_sandbox["lookup-offence-sandbox"].data.aws_iam_policy_document.this: Reading...
module.github_actions_roles_sandbox["lookup-offence-sandbox"].data.aws_iam_policy_document.this: Read complete after 0s [id=1169105926]
module.github_actions_roles_data["lookup-offence"].aws_iam_role.this: Refreshing state... [id=github-lookup-offence]
module.github_actions_roles_data["create-a-derived-table"].aws_iam_role.this: Refreshing state... [id=github-create-a-derived-table]
data.aws_caller_identity.session: Read complete after 1s [id=042130406152]
module.github_actions_roles_data["data-platform-apps"].aws_iam_role.this: Refreshing state... [id=github-data-platform-apps]
module.github-oidc-provider-data-engineering.aws_iam_role.github_actions: Refreshing state... [id=github-actions-iam]
module.github-oidc-provider-data-ecr.aws_iam_role.github_actions: Refreshing state... [id=github-actions-ecr-oidc]
module.github_actions_roles_data_engineering["data-uploader"].aws_iam_role.this: Refreshing state... [id=github-data-uploader]
module.github_actions_roles_data_engineering["analytical-platform-data-engineering"].aws_iam_role.this: Refreshing state... [id=github-analytical-platform-data-engineering]
module.github_actions_roles_data_engineering["moj-data-transfer-api-infra"].aws_iam_role.this: Refreshing state... [id=github-moj-data-transfer-api-infra]
data.aws_iam_roles.dev-self-hosted-runner-roles: Read complete after 1s [id=eu-west-1]
module.github_actions_roles_data_engineering["register-my-data"].aws_iam_role.this: Refreshing state... [id=github-register-my-data]
module.github_actions_roles_data_engineering["data-engineering-airflow"].aws_iam_role.this: Refreshing state... [id=github-data-engineering-airflow]
module.github-oidc-provider-sandbox.aws_iam_role.github_actions: Refreshing state... [id=github-actions-iam]
module.github_actions_roles_sandbox["data-engineering-pulumi-components"].aws_iam_policy.additional-permissions[0]: Refreshing state... [id=arn:aws:iam::684969100054:policy/github-data-engineering-pulumi-components-policy]
module.github_actions_roles_sandbox["lookup-offence-sandbox"].aws_iam_policy.additional-permissions[0]: Refreshing state... [id=arn:aws:iam::684969100054:policy/github-lookup-offence-sandbox-policy]
module.github_actions_roles_sandbox["pulumi-oidc-test"].aws_iam_policy.additional-permissions[0]: Refreshing state... [id=arn:aws:iam::684969100054:policy/github-pulumi-oidc-test-policy]
module.github_actions_roles_sandbox["analytical-platform-data-engineering-sandbox"].aws_iam_policy.additional-permissions[0]: Refreshing state... [id=arn:aws:iam::684969100054:policy/github-analytical-platform-data-engineering-sandbox-policy]
module.github_actions_roles_data["lookup-offence"].aws_iam_policy.additional-permissions[0]: Refreshing state... [id=arn:aws:iam::593291632749:policy/github-lookup-offence-policy]
module.github_actions_roles_data["create-a-derived-table"].aws_iam_policy.additional-permissions[0]: Refreshing state... [id=arn:aws:iam::593291632749:policy/github-create-a-derived-table-policy]
module.github_actions_roles_data["data-platform-apps"].aws_iam_policy.additional-permissions[0]: Refreshing state... [id=arn:aws:iam::593291632749:policy/github-data-platform-apps-policy]
module.github_actions_roles_data_engineering["register-my-data"].aws_iam_policy.additional-permissions[0]: Refreshing state... [id=arn:aws:iam::189157455002:policy/github-register-my-data-policy]
module.github_actions_roles_data_engineering["data-engineering-airflow"].aws_iam_policy.additional-permissions[0]: Refreshing state... [id=arn:aws:iam::189157455002:policy/github-data-engineering-airflow-policy]
module.github_actions_roles_data_engineering["data-uploader"].aws_iam_policy.additional-permissions[0]: Refreshing state... [id=arn:aws:iam::189157455002:policy/github-data-uploader-policy]
module.github_actions_roles_data_engineering["analytical-platform-data-engineering"].aws_iam_policy.additional-permissions[0]: Refreshing state... [id=arn:aws:iam::189157455002:policy/github-analytical-platform-data-engineering-policy]
module.github_actions_roles_data_engineering["moj-data-transfer-api-infra"].aws_iam_policy.additional-permissions[0]: Refreshing state... [id=arn:aws:iam::189157455002:policy/github-moj-data-transfer-api-infra-policy]
module.github_actions_roles_sandbox["pulumi-oidc-test"].aws_iam_role.this: Refreshing state... [id=github-pulumi-oidc-test]
module.github_actions_roles_sandbox["analytical-platform-data-engineering-sandbox"].aws_iam_role.this: Refreshing state... [id=github-analytical-platform-data-engineering-sandbox]
module.github_actions_roles_sandbox["data-engineering-pulumi-components"].aws_iam_role.this: Refreshing state... [id=github-data-engineering-pulumi-components]
module.github_actions_roles_sandbox["lookup-offence-sandbox"].aws_iam_role.this: Refreshing state... [id=github-lookup-offence-sandbox]
data.aws_iam_session_context.session: Reading...
module.github-oidc-provider-data-engineering.aws_iam_role_policy_attachment.extra_permissions: Refreshing state... [id=github-actions-iam-20230526065429921600000002]
module.github-oidc-provider-data-engineering.aws_iam_role_policy_attachment.read_only: Refreshing state... [id=github-actions-iam-20230526065429917700000001]
module.github-oidc-provider-data-ecr.aws_iam_role_policy_attachment.read_only: Refreshing state... [id=github-actions-ecr-oidc-20230315175357791200000001]
module.github-oidc-provider-data-ecr.aws_iam_role_policy_attachment.extra_permissions: Refreshing state... [id=github-actions-ecr-oidc-20230315175357864500000002]
module.github_actions_roles_data["create-a-derived-table"].aws_iam_role_policy_attachment.policy-arns["arn:aws:iam::aws:policy/ReadOnlyAccess"]: Refreshing state... [id=github-create-a-derived-table-20230329100500511100000001]
module.github_actions_roles_data["data-platform-apps"].aws_iam_role_policy_attachment.policy-arns["arn:aws:iam::aws:policy/ReadOnlyAccess"]: Refreshing state... [id=github-data-platform-apps-20230330114603376000000001]
module.github_actions_roles_data["lookup-offence"].aws_iam_role_policy_attachment.policy-arns["arn:aws:iam::aws:policy/ReadOnlyAccess"]: Refreshing state... [id=github-lookup-offence-20230329172930310600000001]
module.github_actions_roles_data_engineering["data-engineering-airflow"].aws_iam_role_policy_attachment.policy-arns["arn:aws:iam::aws:policy/ReadOnlyAccess"]: Refreshing state... [id=github-data-engineering-airflow-20230515135048444000000001]
module.github_actions_roles_data_engineering["register-my-data"].aws_iam_role_policy_attachment.policy-arns["arn:aws:iam::aws:policy/ReadOnlyAccess"]: Refreshing state... [id=github-register-my-data-20230316100431234500000002]
module.github_actions_roles_data_engineering["moj-data-transfer-api-infra"].aws_iam_role_policy_attachment.policy-arns["arn:aws:iam::aws:policy/ReadOnlyAccess"]: Refreshing state... [id=github-moj-data-transfer-api-infra-20230308175050793200000002]
module.github_actions_roles_data_engineering["analytical-platform-data-engineering"].aws_iam_role_policy_attachment.policy-arns["arn:aws:iam::aws:policy/ReadOnlyAccess"]: Refreshing state... [id=github-analytical-platform-data-engineering-20230308175050789700000001]
module.github_actions_roles_data_engineering["data-uploader"].aws_iam_role_policy_attachment.policy-arns["arn:aws:iam::aws:policy/ReadOnlyAccess"]: Refreshing state... [id=github-data-uploader-20230321112420042300000001]
module.github-oidc-provider-sandbox.aws_iam_role_policy_attachment.read_only: Refreshing state... [id=github-actions-iam-20230307140319583700000001]
module.github-oidc-provider-sandbox.aws_iam_role_policy_attachment.extra_permissions: Refreshing state... [id=github-actions-iam-20230307140319598900000002]
module.github_actions_roles_data["create-a-derived-table"].aws_iam_role_policy_attachment.additional-permissions[0]: Refreshing state... [id=github-create-a-derived-table-20230329100500602500000002]
module.github_actions_roles_data["data-platform-apps"].aws_iam_role_policy_attachment.additional-permissions[0]: Refreshing state... [id=github-data-platform-apps-20230330114603410700000002]
module.github_actions_roles_data["lookup-offence"].aws_iam_role_policy_attachment.additional-permissions[0]: Refreshing state... [id=github-lookup-offence-20230329172930331500000002]
module.github_actions_roles_data_engineering["data-uploader"].aws_iam_role_policy_attachment.additional-permissions[0]: Refreshing state... [id=github-data-uploader-20230321112420044100000002]
module.github_actions_roles_data_engineering["register-my-data"].aws_iam_role_policy_attachment.additional-permissions[0]: Refreshing state... [id=github-register-my-data-20230316100431233000000001]
data.aws_iam_session_context.session: Read complete after 0s [id=arn:aws:sts::042130406152:assumed-role/AWSReservedSSO_AdministratorAccess_75c6567ee233c758/jacobwoffenden@digital.justice.gov.uk]
module.github_actions_roles_data_engineering["analytical-platform-data-engineering"].aws_iam_role_policy_attachment.additional-permissions[0]: Refreshing state... [id=github-analytical-platform-data-engineering-20230308175050819900000004]
module.github_actions_roles_data_engineering["moj-data-transfer-api-infra"].aws_iam_role_policy_attachment.additional-permissions[0]: Refreshing state... [id=github-moj-data-transfer-api-infra-20230308175050807400000003]
module.github_actions_roles_data_engineering["data-engineering-airflow"].aws_iam_role_policy_attachment.additional-permissions[0]: Refreshing state... [id=github-data-engineering-airflow-20230515135048751200000002]
module.github_actions_roles_sandbox["analytical-platform-data-engineering-sandbox"].aws_iam_role_policy_attachment.policy-arns["arn:aws:iam::aws:policy/ReadOnlyAccess"]: Refreshing state... [id=github-analytical-platform-data-engineering-sandbox-20230310122042400700000003]
module.github_actions_roles_sandbox["data-engineering-pulumi-components"].aws_iam_role_policy_attachment.additional-permissions[0]: Refreshing state... [id=github-data-engineering-pulumi-components-20230307141515530500000001]
module.github_actions_roles_sandbox["lookup-offence-sandbox"].aws_iam_role_policy_attachment.additional-permissions[0]: Refreshing state... [id=github-lookup-offence-sandbox-20230310132349097000000002]
module.github_actions_roles_sandbox["pulumi-oidc-test"].aws_iam_role_policy_attachment.additional-permissions[0]: Refreshing state... [id=github-pulumi-oidc-test-20230310122042382400000002]
module.github_actions_roles_sandbox["analytical-platform-data-engineering-sandbox"].aws_iam_role_policy_attachment.additional-permissions[0]: Refreshing state... [id=github-analytical-platform-data-engineering-sandbox-20230310122042412000000004]
module.github_actions_roles_sandbox["data-engineering-pulumi-components"].aws_iam_role_policy_attachment.policy-arns["arn:aws:iam::aws:policy/ReadOnlyAccess"]: Refreshing state... [id=github-data-engineering-pulumi-components-20230307141515575100000002]
module.github_actions_roles_sandbox["lookup-offence-sandbox"].aws_iam_role_policy_attachment.policy-arns["arn:aws:iam::aws:policy/ReadOnlyAccess"]: Refreshing state... [id=github-lookup-offence-sandbox-20230310132349092300000001]
module.github_actions_roles_sandbox["pulumi-oidc-test"].aws_iam_role_policy_attachment.policy-arns["arn:aws:iam::aws:policy/ReadOnlyAccess"]: Refreshing state... [id=github-pulumi-oidc-test-20230310122042371700000001]
module.github-oidc-provider.data.aws_caller_identity.current: Reading...
module.management-assumable-role.data.aws_partition.current: Reading...
data.aws_iam_roles.self-hosted-runner-roles: Reading...
module.github-oidc-provider.aws_iam_openid_connect_provider.github_actions: Refreshing state... [id=arn:aws:iam::042130406152:oidc-provider/token.actions.githubusercontent.com]
module.github-oidc-provider.aws_iam_policy.extra_permissions: Refreshing state... [id=arn:aws:iam::042130406152:policy/github-actions-iam]
module.management-assumable-role.data.aws_partition.current: Read complete after 0s [id=aws]
module.management-assumable-role.data.aws_caller_identity.current: Reading...
module.github-oidc-provider.data.aws_caller_identity.current: Read complete after 0s [id=042130406152]
module.management-assumable-role.data.aws_caller_identity.current: Read complete after 0s [id=042130406152]
module.github-oidc-provider.data.aws_iam_policy_document.github_oidc_assume_role: Reading...
module.github-oidc-provider.data.aws_iam_policy_document.github_oidc_assume_role: Read complete after 0s [id=4005776675]
module.github-oidc-provider.aws_iam_role.github_actions: Refreshing state... [id=github-actions-iam]
module.github-oidc-provider.aws_iam_role_policy_attachment.extra_permissions: Refreshing state... [id=github-actions-iam-20230228083925695700000001]
module.github-oidc-provider.aws_iam_role_policy_attachment.read_only: Refreshing state... [id=github-actions-iam-20230228083925710700000002]
data.aws_iam_roles.self-hosted-runner-roles: Read complete after 1s [id=eu-west-1]
data.aws_iam_roles.data-self-hosted-runner-roles: Still reading... [10s elapsed]
data.aws_iam_roles.data-self-hosted-runner-roles: Read complete after 12s [id=eu-west-1]
module.prod-assumable-role.data.aws_iam_policy_document.assume_role[0]: Reading...
module.management-assumable-role.data.aws_iam_policy_document.assume_role[0]: Reading...
module.prod-assumable-role.data.aws_iam_policy_document.assume_role[0]: Read complete after 0s [id=3065462072]
module.data-engineering-assumable-role["data-engineering-infrastructure"].data.aws_iam_policy_document.assume_role[0]: Reading...
module.management-assumable-role.data.aws_iam_policy_document.assume_role[0]: Read complete after 0s [id=3413825281]
module.dev-data-assumable-role.data.aws_iam_policy_document.assume_role[0]: Reading...
module.landing-assumable-role.data.aws_iam_policy_document.assume_role[0]: Reading...
module.dev-assumable-role.data.aws_iam_policy_document.assume_role[0]: Reading...
module.mi-dev-data-assumable-role.data.aws_iam_policy_document.assume_role[0]: Reading...
module.dev-data-assumable-role.data.aws_iam_policy_document.assume_role[0]: Read complete after 0s [id=1577716844]
module.management-assumable-role.aws_iam_role.this[0]: Refreshing state... [id=github-actions-infrastructure]
module.prod-assumable-role.aws_iam_role.this[0]: Refreshing state... [id=github-actions-infrastructure]
module.dev-assumable-role.data.aws_iam_policy_document.assume_role[0]: Read complete after 0s [id=471411348]
module.data-engineering-assumable-role["data-engineering-infrastructure"].data.aws_iam_policy_document.assume_role[0]: Read complete after 0s [id=3266712668]
module.dev-data-assumable-role.aws_iam_role.this[0]: Refreshing state... [id=github-actions-infrastructure]
module.mi-dev-data-assumable-role.data.aws_iam_policy_document.assume_role[0]: Read complete after 0s [id=2037383469]
module.data-engineering-assumable-role["github-actions-infrastructure"].data.aws_iam_policy_document.assume_role[0]: Reading...
module.data-assumable-role["data-engineering-infrastructure"].data.aws_iam_policy_document.assume_role[0]: Reading...
module.data-engineering-assumable-role["github-actions-infrastructure"].data.aws_iam_policy_document.assume_role[0]: Read complete after 0s [id=4194911896]
module.dev-assumable-role.aws_iam_role.this[0]: Refreshing state... [id=github-actions-infrastructure]
module.landing-assumable-role.data.aws_iam_policy_document.assume_role[0]: Read complete after 0s [id=3199910315]
module.data-assumable-role["data-engineering-infrastructure"].data.aws_iam_policy_document.assume_role[0]: Read complete after 0s [id=25174049]
module.mi-dev-data-assumable-role.aws_iam_role.this[0]: Refreshing state... [id=github-actions-infrastructure]
module.data-engineering-assumable-role["github-actions-infrastructure"].aws_iam_role.this[0]: Refreshing state... [id=github-actions-infrastructure]
module.landing-assumable-role.aws_iam_role.this[0]: Refreshing state... [id=github-actions-infrastructure]
module.sandbox-assumable-role.data.aws_iam_policy_document.assume_role[0]: Reading...
module.data-assumable-role["github-actions-infrastructure"].data.aws_iam_policy_document.assume_role[0]: Reading...
module.data-engineering-assumable-role["data-engineering-infrastructure"].aws_iam_role.this[0]: Refreshing state... [id=data-engineering-infrastructure]
module.data-assumable-role["github-actions-infrastructure"].data.aws_iam_policy_document.assume_role[0]: Read complete after 0s [id=3914362130]
module.sandbox-assumable-role.data.aws_iam_policy_document.assume_role[0]: Read complete after 0s [id=1541574166]
module.data-assumable-role["github-actions-infrastructure"].aws_iam_role.this[0]: Refreshing state... [id=github-actions-infrastructure]
module.data-assumable-role["data-engineering-infrastructure"].aws_iam_role.this[0]: Refreshing state... [id=data-engineering-infrastructure]
module.sandbox-assumable-role.aws_iam_role.this[0]: Refreshing state... [id=github-actions-infrastructure]
module.management-assumable-role.aws_iam_role_policy_attachment.admin[0]: Refreshing state... [id=github-actions-infrastructure-arn:aws:iam::aws:policy/AdministratorAccess]
module.dev-assumable-role.aws_iam_role_policy_attachment.admin[0]: Refreshing state... [id=github-actions-infrastructure-arn:aws:iam::aws:policy/AdministratorAccess]
module.data-engineering-assumable-role["github-actions-infrastructure"].aws_iam_role_policy_attachment.admin[0]: Refreshing state... [id=github-actions-infrastructure-arn:aws:iam::aws:policy/AdministratorAccess]
module.data-engineering-assumable-role["data-engineering-infrastructure"].aws_iam_role_policy_attachment.admin[0]: Refreshing state... [id=data-engineering-infrastructure-20230309081401179200000001]
module.data-assumable-role["github-actions-infrastructure"].aws_iam_role_policy_attachment.admin[0]: Refreshing state... [id=github-actions-infrastructure-arn:aws:iam::aws:policy/AdministratorAccess]
module.data-assumable-role["data-engineering-infrastructure"].aws_iam_role_policy_attachment.admin[0]: Refreshing state... [id=data-engineering-infrastructure-20230309080144528100000001]
module.prod-assumable-role.aws_iam_role_policy_attachment.admin[0]: Refreshing state... [id=github-actions-infrastructure-arn:aws:iam::aws:policy/AdministratorAccess]
module.landing-assumable-role.aws_iam_role_policy_attachment.admin[0]: Refreshing state... [id=github-actions-infrastructure-arn:aws:iam::aws:policy/AdministratorAccess]
module.dev-data-assumable-role.aws_iam_role_policy_attachment.admin[0]: Refreshing state... [id=github-actions-infrastructure-arn:aws:iam::aws:policy/AdministratorAccess]
module.sandbox-assumable-role.aws_iam_role_policy_attachment.admin[0]: Refreshing state... [id=github-actions-infrastructure-arn:aws:iam::aws:policy/AdministratorAccess]
module.mi-dev-data-assumable-role.aws_iam_role_policy_attachment.admin[0]: Refreshing state... [id=github-actions-infrastructure-arn:aws:iam::aws:policy/AdministratorAccess]

Terraform used the selected providers to generate the following execution
plan. Resource actions are indicated with the following symbols:
  ~ update in-place

Terraform will perform the following actions:

  # module.data-assumable-role["data-engineering-infrastructure"].aws_iam_role.this[0] will be updated in-place
  ~ resource "aws_iam_role" "this" {
      ~ assume_role_policy    = jsonencode(
          ~ {
              ~ Statement = [
                  ~ {
                      ~ Action    = "sts:AssumeRole" -> [
                          + "sts:TagSession",
                          + "sts:AssumeRole",
                        ]
                        # (3 unchanged attributes hidden)
                    },
                ]
                # (1 unchanged attribute hidden)
            }
        )
        id                    = "data-engineering-infrastructure"
        name                  = "data-engineering-infrastructure"
        tags                  = {}
        # (10 unchanged attributes hidden)
    }

  # module.data-assumable-role["github-actions-infrastructure"].aws_iam_role.this[0] will be updated in-place
  ~ resource "aws_iam_role" "this" {
      ~ assume_role_policy    = jsonencode(
          ~ {
              ~ Statement = [
                  ~ {
                      ~ Action    = "sts:AssumeRole" -> [
                          + "sts:TagSession",
                          + "sts:AssumeRole",
                        ]
                      ~ Principal = {
                          ~ AWS     = [
                              - "arn:aws:iam::189157455002:role/github-data-uploader",
                              - "arn:aws:iam::189157455002:role/github-analytical-platform-data-engineering",
                              - "arn:aws:iam::525294151996:role/github-actions-runner-dev",
                              - "arn:aws:iam::593291632749:role/github-actions-self-hosted-runner",
                              - "arn:aws:iam::593291632749:role/github-create-a-derived-table",
                                "arn:aws:iam::593291632749:role/github-lookup-offence",
                              - "arn:aws:iam::042130406152:role/github-actions-iam",
                              + "arn:aws:iam::593291632749:role/github-data-platform-apps",
                              + "arn:aws:iam::593291632749:role/github-create-a-derived-table",
                              + "arn:aws:iam::593291632749:role/github-actions-self-hosted-runner",
                                "arn:aws:iam::525294151996:role/github-actions-self-hosted-runner",
                              + "arn:aws:iam::525294151996:role/github-actions-runner-dev",
                              + "arn:aws:iam::189157455002:role/github-register-my-data",
                                "arn:aws:iam::189157455002:role/github-moj-data-transfer-api-infra",
                              - "arn:aws:iam::042130406152:role/github-actions-runner",
                              + "arn:aws:iam::189157455002:role/github-data-uploader",
                                "arn:aws:iam::189157455002:role/github-data-engineering-airflow",
                              - "arn:aws:iam::189157455002:role/github-register-my-data",
                              - "arn:aws:iam::593291632749:role/github-data-platform-apps",
                              + "arn:aws:iam::189157455002:role/github-analytical-platform-data-engineering",
                              + "arn:aws:iam::042130406152:role/github-actions-runner",
                              + "arn:aws:iam::042130406152:role/github-actions-iam",
                            ]
                          + Service = []
                        }
                        # (2 unchanged attributes hidden)
                    },
                ]
                # (1 unchanged attribute hidden)
            }
        )
        id                    = "github-actions-infrastructure"
        name                  = "github-actions-infrastructure"
        tags                  = {}
        # (10 unchanged attributes hidden)
    }

  # module.data-engineering-assumable-role["data-engineering-infrastructure"].aws_iam_role.this[0] will be updated in-place
  ~ resource "aws_iam_role" "this" {
      ~ assume_role_policy    = jsonencode(
          ~ {
              ~ Statement = [
                  ~ {
                      ~ Action    = "sts:AssumeRole" -> [
                          + "sts:TagSession",
                          + "sts:AssumeRole",
                        ]
                        # (3 unchanged attributes hidden)
                    },
                ]
                # (1 unchanged attribute hidden)
            }
        )
        id                    = "data-engineering-infrastructure"
        name                  = "data-engineering-infrastructure"
        tags                  = {}
        # (10 unchanged attributes hidden)
    }

  # module.data-engineering-assumable-role["github-actions-infrastructure"].aws_iam_role.this[0] will be updated in-place
  ~ resource "aws_iam_role" "this" {
      ~ assume_role_policy    = jsonencode(
          ~ {
              ~ Statement = [
                  ~ {
                      ~ Action    = "sts:AssumeRole" -> [
                          + "sts:TagSession",
                          + "sts:AssumeRole",
                        ]
                        # (3 unchanged attributes hidden)
                    },
                ]
                # (1 unchanged attribute hidden)
            }
        )
        id                    = "github-actions-infrastructure"
        name                  = "github-actions-infrastructure"
        tags                  = {}
        # (10 unchanged attributes hidden)
    }

  # module.dev-assumable-role.aws_iam_role.this[0] will be updated in-place
  ~ resource "aws_iam_role" "this" {
      ~ assume_role_policy    = jsonencode(
          ~ {
              ~ Statement = [
                    {
                        Action    = "sts:AssumeRole"
                        Condition = {
                            ArnLike = {
                                "aws:PrincipalArn" = "arn:aws:iam::525294151996:role/github-actions-infrastructure"
                            }
                        }
                        Effect    = "Allow"
                        Principal = {
                            AWS = "*"
                        }
                        Sid       = "ExplicitSelfRoleAssumption"
                    },
                  ~ {
                      ~ Action    = "sts:AssumeRole" -> [
                          + "sts:TagSession",
                          + "sts:AssumeRole",
                        ]
                        # (3 unchanged attributes hidden)
                    },
                ]
                # (1 unchanged attribute hidden)
            }
        )
        id                    = "github-actions-infrastructure"
        name                  = "github-actions-infrastructure"
        tags                  = {}
        # (10 unchanged attributes hidden)
    }

  # module.dev-data-assumable-role.aws_iam_role.this[0] will be updated in-place
  ~ resource "aws_iam_role" "this" {
      ~ assume_role_policy    = jsonencode(
          ~ {
              ~ Statement = [
                    {
                        Action    = "sts:AssumeRole"
                        Condition = {
                            ArnLike = {
                                "aws:PrincipalArn" = "arn:aws:iam::803963757240:role/github-actions-infrastructure"
                            }
                        }
                        Effect    = "Allow"
                        Principal = {
                            AWS = "*"
                        }
                        Sid       = "ExplicitSelfRoleAssumption"
                    },
                  ~ {
                      ~ Action    = "sts:AssumeRole" -> [
                          + "sts:TagSession",
                          + "sts:AssumeRole",
                        ]
                        # (3 unchanged attributes hidden)
                    },
                ]
                # (1 unchanged attribute hidden)
            }
        )
        id                    = "github-actions-infrastructure"
        name                  = "github-actions-infrastructure"
        tags                  = {}
        # (10 unchanged attributes hidden)
    }

  # module.github-oidc-provider.aws_iam_openid_connect_provider.github_actions will be updated in-place
  ~ resource "aws_iam_openid_connect_provider" "github_actions" {
        id              = "arn:aws:iam::042130406152:oidc-provider/token.actions.githubusercontent.com"
        tags            = {
            "business-unit" = "Platforms"
            "is-production" = "true"
            "owner"         = "data-platform"
            "project"       = "data-platform-oidc"
            "source-code"   = "github.com/ministryofjustice/data-platform/tree/main/terraform/oidc"
        }
      ~ thumbprint_list = [
          - "6938fd4d98bab03faadb97b34396831e3780aea1",
          + "1c58a3a8518e8759bf075b76b750d4f2df264fcd",
            "f879abce0008e4eb126e0097e46620f5aaae26ad",
        ]
        # (4 unchanged attributes hidden)
    }

  # module.github-oidc-provider.aws_iam_policy.extra_permissions will be updated in-place
  ~ resource "aws_iam_policy" "extra_permissions" {
        id          = "arn:aws:iam::042130406152:policy/github-actions-iam"
        name        = "github-actions-iam"
      ~ policy      = jsonencode(
          ~ {
              ~ Statement = [
                  ~ {
                      ~ Resource = [
                            # (7 unchanged elements hidden)
                            "arn:aws:iam::189157455002:role/github-actions-infrastructure",
                          - "arn:aws:iam::110958189132:role/github-actions-infrastructure",
                            "arn:aws:iam::042130406152:role/github-actions-infrastructure",
                        ]
                        # (3 unchanged attributes hidden)
                    },
                    {
                        Action   = "kms:Decrypt"
                        Effect   = "Allow"
                        Resource = "*"
                        Sid      = "AllowOIDCToDecryptKMS"
                    },
                    {
                        Action   = [
                            "s3:List*",
                            "s3:Get*",
                        ]
                        Effect   = "Allow"
                        Resource = [
                            "arn:aws:s3:::global-tf-state-aqsvzyd5u9/*",
                            "arn:aws:s3:::global-tf-state-aqsvzyd5u9/",
                        ]
                        Sid      = "AllowOIDCReadState"
                    },
                  - {
                      - Action   = [
                          - "dynamodb:PutItem",
                          - "dynamodb:DeleteItem",
                          - "dynamodb:GetItem",
                        ]
                      - Effect   = "Allow"
                      - Resource = [
                          - "arn:aws:dynamodb:eu-west-2:042130406152:table/global-tf-state-aqsvzyd5u9-locks",
                        ]
                      - Sid      = "AllowDynamoDBStateLocking"
                    },
                    {
                        Action   = [
                            "s3:PutObjectAcl",
                            "s3:PutObject",
                        ]
                        Effect   = "Allow"
                        Resource = "arn:aws:s3:::global-tf-state-aqsvzyd5u9/iam/*"
                        Sid      = "AllowOIDCWriteState"
                    },
                  + {
                      + Action   = [
                          + "dynamodb:PutItem",
                          + "dynamodb:GetItem",
                          + "dynamodb:DeleteItem",
                        ]
                      + Effect   = "Allow"
                      + Resource = "arn:aws:dynamodb:eu-west-2:042130406152:table/global-tf-state-aqsvzyd5u9-locks"
                      + Sid      = "AllowDynamoDBStateLocking"
                    },
                ]
                # (1 unchanged attribute hidden)
            }
        )
        tags        = {}
        # (5 unchanged attributes hidden)
    }

  # module.github-oidc-provider-data-ecr.aws_iam_openid_connect_provider.github_actions will be updated in-place
  ~ resource "aws_iam_openid_connect_provider" "github_actions" {
        id              = "arn:aws:iam::593291632749:oidc-provider/token.actions.githubusercontent.com"
        tags            = {
            "business-unit" = "Platforms"
            "is-production" = "true"
            "owner"         = "data-platform"
            "project"       = "data-platform-oidc"
            "source-code"   = "github.com/ministryofjustice/data-platform/tree/main/terraform/oidc"
        }
      ~ thumbprint_list = [
          - "6938fd4d98bab03faadb97b34396831e3780aea1",
          + "1c58a3a8518e8759bf075b76b750d4f2df264fcd",
            "f879abce0008e4eb126e0097e46620f5aaae26ad",
        ]
        # (4 unchanged attributes hidden)
    }

  # module.github-oidc-provider-data-engineering.aws_iam_openid_connect_provider.github_actions will be updated in-place
  ~ resource "aws_iam_openid_connect_provider" "github_actions" {
        id              = "arn:aws:iam::189157455002:oidc-provider/token.actions.githubusercontent.com"
        tags            = {
            "business-unit" = "Platforms"
            "is-production" = "true"
            "owner"         = "data-platform"
            "project"       = "data-platform-oidc"
            "source-code"   = "github.com/ministryofjustice/data-platform/tree/main/terraform/oidc"
        }
      ~ thumbprint_list = [
          - "6938fd4d98bab03faadb97b34396831e3780aea1",
          + "1c58a3a8518e8759bf075b76b750d4f2df264fcd",
            "f879abce0008e4eb126e0097e46620f5aaae26ad",
        ]
        # (4 unchanged attributes hidden)
    }

  # module.github-oidc-provider-sandbox.aws_iam_openid_connect_provider.github_actions will be updated in-place
  ~ resource "aws_iam_openid_connect_provider" "github_actions" {
        id              = "arn:aws:iam::684969100054:oidc-provider/token.actions.githubusercontent.com"
        tags            = {
            "business-unit" = "Platforms"
            "is-production" = "true"
            "owner"         = "data-platform"
            "project"       = "data-platform-oidc"
            "source-code"   = "github.com/ministryofjustice/data-platform/tree/main/terraform/oidc"
        }
      ~ thumbprint_list = [
          - "6938fd4d98bab03faadb97b34396831e3780aea1",
          + "1c58a3a8518e8759bf075b76b750d4f2df264fcd",
            "f879abce0008e4eb126e0097e46620f5aaae26ad",
        ]
        # (4 unchanged attributes hidden)
    }

  # module.landing-assumable-role.aws_iam_role.this[0] will be updated in-place
  ~ resource "aws_iam_role" "this" {
      ~ assume_role_policy    = jsonencode(
          ~ {
              ~ Statement = [
                    {
                        Action    = "sts:AssumeRole"
                        Condition = {
                            ArnLike = {
                                "aws:PrincipalArn" = "arn:aws:iam::335823981503:role/github-actions-infrastructure"
                            }
                        }
                        Effect    = "Allow"
                        Principal = {
                            AWS = "*"
                        }
                        Sid       = "ExplicitSelfRoleAssumption"
                    },
                  ~ {
                      ~ Action    = "sts:AssumeRole" -> [
                          + "sts:TagSession",
                          + "sts:AssumeRole",
                        ]
                        # (3 unchanged attributes hidden)
                    },
                ]
                # (1 unchanged attribute hidden)
            }
        )
        id                    = "github-actions-infrastructure"
        name                  = "github-actions-infrastructure"
        tags                  = {}
        # (10 unchanged attributes hidden)
    }

  # module.management-assumable-role.aws_iam_role.this[0] will be updated in-place
  ~ resource "aws_iam_role" "this" {
      ~ assume_role_policy    = jsonencode(
          ~ {
              ~ Statement = [
                    {
                        Action    = "sts:AssumeRole"
                        Condition = {
                            ArnLike = {
                                "aws:PrincipalArn" = "arn:aws:iam::042130406152:role/github-actions-infrastructure"
                            }
                        }
                        Effect    = "Allow"
                        Principal = {
                            AWS = "*"
                        }
                        Sid       = "ExplicitSelfRoleAssumption"
                    },
                  ~ {
                      ~ Action    = "sts:AssumeRole" -> [
                          + "sts:TagSession",
                          + "sts:AssumeRole",
                        ]
                        # (3 unchanged attributes hidden)
                    },
                ]
                # (1 unchanged attribute hidden)
            }
        )
        id                    = "github-actions-infrastructure"
        name                  = "github-actions-infrastructure"
        tags                  = {}
        # (10 unchanged attributes hidden)
    }

  # module.mi-dev-data-assumable-role.aws_iam_role.this[0] will be updated in-place
  ~ resource "aws_iam_role" "this" {
      ~ assume_role_policy    = jsonencode(
          ~ {
              ~ Statement = [
                    {
                        Action    = "sts:AssumeRole"
                        Condition = {
                            ArnLike = {
                                "aws:PrincipalArn" = "arn:aws:iam::967617145656:role/github-actions-infrastructure"
                            }
                        }
                        Effect    = "Allow"
                        Principal = {
                            AWS = "*"
                        }
                        Sid       = "ExplicitSelfRoleAssumption"
                    },
                  ~ {
                      ~ Action    = "sts:AssumeRole" -> [
                          + "sts:TagSession",
                          + "sts:AssumeRole",
                        ]
                        # (3 unchanged attributes hidden)
                    },
                ]
                # (1 unchanged attribute hidden)
            }
        )
        id                    = "github-actions-infrastructure"
        name                  = "github-actions-infrastructure"
        tags                  = {}
        # (10 unchanged attributes hidden)
    }

  # module.prod-assumable-role.aws_iam_role.this[0] will be updated in-place
  ~ resource "aws_iam_role" "this" {
      ~ assume_role_policy    = jsonencode(
          ~ {
              ~ Statement = [
                    {
                        Action    = "sts:AssumeRole"
                        Condition = {
                            ArnLike = {
                                "aws:PrincipalArn" = "arn:aws:iam::312423030077:role/github-actions-infrastructure"
                            }
                        }
                        Effect    = "Allow"
                        Principal = {
                            AWS = "*"
                        }
                        Sid       = "ExplicitSelfRoleAssumption"
                    },
                  ~ {
                      ~ Action    = "sts:AssumeRole" -> [
                          + "sts:TagSession",
                          + "sts:AssumeRole",
                        ]
                        # (3 unchanged attributes hidden)
                    },
                ]
                # (1 unchanged attribute hidden)
            }
        )
        id                    = "github-actions-infrastructure"
        name                  = "github-actions-infrastructure"
        tags                  = {}
        # (10 unchanged attributes hidden)
    }

  # module.sandbox-assumable-role.aws_iam_role.this[0] will be updated in-place
  ~ resource "aws_iam_role" "this" {
      ~ assume_role_policy    = jsonencode(
          ~ {
              ~ Statement = [
                    {
                        Action    = "sts:AssumeRole"
                        Condition = {
                            ArnLike = {
                                "aws:PrincipalArn" = "arn:aws:iam::684969100054:role/github-actions-infrastructure"
                            }
                        }
                        Effect    = "Allow"
                        Principal = {
                            AWS = "*"
                        }
                        Sid       = "ExplicitSelfRoleAssumption"
                    },
                  ~ {
                      ~ Action    = "sts:AssumeRole" -> [
                          + "sts:TagSession",
                          + "sts:AssumeRole",
                        ]
                        # (3 unchanged attributes hidden)
                    },
                ]
                # (1 unchanged attribute hidden)
            }
        )
        id                    = "github-actions-infrastructure"
        name                  = "github-actions-infrastructure"
        tags                  = {}
        # (10 unchanged attributes hidden)
    }

Plan: 0 to add, 16 to change, 0 to destroy.

Changes to Outputs:
  - github-data-roles             = {
      - "arn:aws:iam::593291632749:role/github-create-a-derived-table" = jsonencode(
            {
              - Statement = [
                  - {
                      - Action   = "sts:AssumeRole"
                      - Effect   = "Allow"
                      - Resource = [
                          - "arn:aws:iam::593291632749:role/github-actions-infrastructure",
                          - "arn:aws:iam::593291632749:role/data-engineering-infrastructure",
                        ]
                      - Sid      = "AllowOIDCToAssumeRoles"
                    },
                  - {
                      - Action   = "kms:Decrypt"
                      - Effect   = "Allow"
                      - Resource = "*"
                      - Sid      = "AllowOIDCToDecryptKMS"
                    },
                ]
              - Version   = "2012-10-17"
            }
        )
      - "arn:aws:iam::593291632749:role/github-data-platform-apps"     = jsonencode(
            {
              - Statement = [
                  - {
                      - Action   = "sts:AssumeRole"
                      - Effect   = "Allow"
                      - Resource = [
                          - "arn:aws:iam::593291632749:role/github-actions-infrastructure",
                          - "arn:aws:iam::593291632749:role/data-engineering-infrastructure",
                        ]
                      - Sid      = "AllowOIDCToAssumeRoles"
                    },
                  - {
                      - Action   = "kms:Decrypt"
                      - Effect   = "Allow"
                      - Resource = "*"
                      - Sid      = "AllowOIDCToDecryptKMS"
                    },
                ]
              - Version   = "2012-10-17"
            }
        )
      - "arn:aws:iam::593291632749:role/github-lookup-offence"         = jsonencode(
            {
              - Statement = [
                  - {
                      - Action   = "sts:AssumeRole"
                      - Effect   = "Allow"
                      - Resource = [
                          - "arn:aws:iam::593291632749:role/github-actions-infrastructure",
                          - "arn:aws:iam::593291632749:role/data-engineering-infrastructure",
                        ]
                      - Sid      = "AllowOIDCToAssumeRoles"
                    },
                  - {
                      - Action   = "kms:Decrypt"
                      - Effect   = "Allow"
                      - Resource = "*"
                      - Sid      = "AllowOIDCToDecryptKMS"
                    },
                ]
              - Version   = "2012-10-17"
            }
        )
    } -> null
  - github-data_engineering-roles = {
      - "arn:aws:iam::189157455002:role/github-analytical-platform-data-engineering" = jsonencode(
            {
              - Statement = [
                  - {
                      - Action   = "sts:AssumeRole"
                      - Effect   = "Allow"
                      - Resource = [
                          - "arn:aws:iam::593291632749:role/github-actions-infrastructure",
                          - "arn:aws:iam::593291632749:role/data-engineering-infrastructure",
                          - "arn:aws:iam::189157455002:role/github-actions-infrastructure",
                          - "arn:aws:iam::189157455002:role/data-engineering-infrastructure",
                        ]
                      - Sid      = "AllowOIDCToAssumeRoles"
                    },
                  - {
                      - Action   = "kms:Decrypt"
                      - Effect   = "Allow"
                      - Resource = "*"
                      - Sid      = "AllowOIDCToDecryptKMS"
                    },
                  - {
                      - Action   = [
                          - "s3:List*",
                          - "s3:Get*",
                        ]
                      - Effect   = "Allow"
                      - Resource = [
                          - "arn:aws:s3:::analytical-platform-data-engineering-pulumi-backend/*",
                          - "arn:aws:s3:::analytical-platform-data-engineering-pulumi-backend/",
                        ]
                      - Sid      = "AllowOIDCReadState"
                    },
                  - {
                      - Action   = [
                          - "s3:PutObjectAcl",
                          - "s3:PutObject",
                          - "s3:DeleteObject",
                        ]
                      - Effect   = "Allow"
                      - Resource = "arn:aws:s3:::analytical-platform-data-engineering-pulumi-backend/.pulumi/*"
                      - Sid      = "AllowOIDCWriteState"
                    },
                ]
              - Version   = "2012-10-17"
            }
        )
      - "arn:aws:iam::189157455002:role/github-data-engineering-airflow"             = jsonencode(
            {
              - Statement = [
                  - {
                      - Action   = "sts:AssumeRole"
                      - Effect   = "Allow"
                      - Resource = [
                          - "arn:aws:iam::593291632749:role/github-actions-infrastructure",
                          - "arn:aws:iam::593291632749:role/data-engineering-infrastructure",
                          - "arn:aws:iam::189157455002:role/github-actions-infrastructure",
                          - "arn:aws:iam::189157455002:role/data-engineering-infrastructure",
                        ]
                      - Sid      = "AllowOIDCToAssumeRoles"
                    },
                  - {
                      - Action   = "kms:Decrypt"
                      - Effect   = "Allow"
                      - Resource = "*"
                      - Sid      = "AllowOIDCToDecryptKMS"
                    },
                  - {
                      - Action   = [
                          - "s3:List*",
                          - "s3:Get*",
                        ]
                      - Effect   = "Allow"
                      - Resource = [
                          - "arn:aws:s3:::data-engineering-airflow-pulumi-backend/*",
                          - "arn:aws:s3:::data-engineering-airflow-pulumi-backend/",
                        ]
                      - Sid      = "AllowOIDCReadState"
                    },
                  - {
                      - Action   = [
                          - "s3:PutObjectAcl",
                          - "s3:PutObject",
                          - "s3:DeleteObject",
                        ]
                      - Effect   = "Allow"
                      - Resource = "arn:aws:s3:::data-engineering-airflow-pulumi-backend/.pulumi/*"
                      - Sid      = "AllowOIDCWriteState"
                    },
                ]
              - Version   = "2012-10-17"
            }
        )
      - "arn:aws:iam::189157455002:role/github-data-uploader"                        = jsonencode(
            {
              - Statement = [
                  - {
                      - Action   = "sts:AssumeRole"
                      - Effect   = "Allow"
                      - Resource = [
                          - "arn:aws:iam::593291632749:role/github-actions-infrastructure",
                          - "arn:aws:iam::593291632749:role/data-engineering-infrastructure",
                          - "arn:aws:iam::189157455002:role/github-actions-infrastructure",
                          - "arn:aws:iam::189157455002:role/data-engineering-infrastructure",
                        ]
                      - Sid      = "AllowOIDCToAssumeRoles"
                    },
                  - {
                      - Action   = "kms:Decrypt"
                      - Effect   = "Allow"
                      - Resource = "*"
                      - Sid      = "AllowOIDCToDecryptKMS"
                    },
                  - {
                      - Action   = [
                          - "s3:List*",
                          - "s3:Get*",
                        ]
                      - Effect   = "Allow"
                      - Resource = [
                          - "arn:aws:s3:::ap-uploader-pulumi-backend/*",
                          - "arn:aws:s3:::ap-uploader-pulumi-backend/",
                        ]
                      - Sid      = "AllowOIDCReadState"
                    },
                  - {
                      - Action   = [
                          - "s3:PutObjectAcl",
                          - "s3:PutObject",
                          - "s3:DeleteObject",
                        ]
                      - Effect   = "Allow"
                      - Resource = "arn:aws:s3:::ap-uploader-pulumi-backend/.pulumi/*"
                      - Sid      = "AllowOIDCWriteState"
                    },
                  - {
                      - Action   = [
                          - "ssm:GetParametersByPath",
                          - "ssm:GetParameters",
                          - "ssm:GetParameterHistory",
                          - "ssm:GetParameter",
                        ]
                      - Effect   = "Allow"
                      - Resource = [
                          - "arn:aws:ssm:eu-west-1:189157455002:parameter/ap-uploader/prod/*",
                          - "arn:aws:ssm:eu-west-1:189157455002:parameter/ap-uploader/env/*",
                          - "arn:aws:ssm:eu-west-1:189157455002:parameter/ap-uploader/dev/*",
                        ]
                      - Sid      = "AllowSSMParameterRead"
                    },
                ]
              - Version   = "2012-10-17"
            }
        )
      - "arn:aws:iam::189157455002:role/github-moj-data-transfer-api-infra"          = jsonencode(
            {
              - Statement = [
                  - {
                      - Action   = "sts:AssumeRole"
                      - Effect   = "Allow"
                      - Resource = [
                          - "arn:aws:iam::684969100054:role/github-actions-infrastructure",
                          - "arn:aws:iam::593291632749:role/github-actions-infrastructure",
                          - "arn:aws:iam::593291632749:role/data-engineering-infrastructure",
                          - "arn:aws:iam::189157455002:role/github-actions-infrastructure",
                          - "arn:aws:iam::189157455002:role/data-engineering-infrastructure",
                        ]
                      - Sid      = "AllowOIDCToAssumeRoles"
                    },
                  - {
                      - Action   = "kms:Decrypt"
                      - Effect   = "Allow"
                      - Resource = "*"
                      - Sid      = "AllowOIDCToDecryptKMS"
                    },
                  - {
                      - Action   = [
                          - "s3:List*",
                          - "s3:Get*",
                        ]
                      - Effect   = "Allow"
                      - Resource = [
                          - "arn:aws:s3:::moj-data-transfer-api-pulumi-backend/*",
                          - "arn:aws:s3:::moj-data-transfer-api-pulumi-backend/",
                        ]
                      - Sid      = "AllowOIDCReadState"
                    },
                  - {
                      - Action   = [
                          - "s3:PutObjectAcl",
                          - "s3:PutObject",
                          - "s3:DeleteObject",
                        ]
                      - Effect   = "Allow"
                      - Resource = "arn:aws:s3:::moj-data-transfer-api-pulumi-backend/.pulumi/*"
                      - Sid      = "AllowOIDCWriteState"
                    },
                ]
              - Version   = "2012-10-17"
            }
        )
      - "arn:aws:iam::189157455002:role/github-register-my-data"                     = jsonencode(
            {
              - Statement = [
                  - {
                      - Action   = "sts:AssumeRole"
                      - Effect   = "Allow"
                      - Resource = [
                          - "arn:aws:iam::593291632749:role/github-actions-infrastructure",
                          - "arn:aws:iam::593291632749:role/data-engineering-infrastructure",
                          - "arn:aws:iam::189157455002:role/github-actions-infrastructure",
                          - "arn:aws:iam::189157455002:role/data-engineering-infrastructure",
                        ]
                      - Sid      = "AllowOIDCToAssumeRoles"
                    },
                  - {
                      - Action   = "kms:Decrypt"
                      - Effect   = "Allow"
                      - Resource = "*"
                      - Sid      = "AllowOIDCToDecryptKMS"
                    },
                  - {
                      - Action   = [
                          - "s3:List*",
                          - "s3:Get*",
                        ]
                      - Effect   = "Allow"
                      - Resource = [
                          - "arn:aws:s3:::register-my-data-pulumi-backend/*",
                          - "arn:aws:s3:::register-my-data-pulumi-backend/",
                        ]
                      - Sid      = "AllowOIDCReadState"
                    },
                  - {
                      - Action   = [
                          - "s3:PutObjectAcl",
                          - "s3:PutObject",
                          - "s3:DeleteObject",
                        ]
                      - Effect   = "Allow"
                      - Resource = "arn:aws:s3:::register-my-data-pulumi-backend/.pulumi/*"
                      - Sid      = "AllowOIDCWriteState"
                    },
                  - {
                      - Action   = [
                          - "ssm:GetParametersByPath",
                          - "ssm:GetParameters",
                          - "ssm:GetParameterHistory",
                          - "ssm:GetParameter",
                        ]
                      - Effect   = "Allow"
                      - Resource = "arn:aws:ssm:eu-west-1:189157455002:parameter/register-my-data/env/*"
                      - Sid      = "AllowSSMParameterRead"
                    },
                ]
              - Version   = "2012-10-17"
            }
        )
    } -> null
  - github-roles                  = {} -> null
  - github-sandbox-roles          = {
      - "arn:aws:iam::684969100054:role/github-analytical-platform-data-engineering-sandbox" = jsonencode(
            {
              - Statement = [
                  - {
                      - Action   = "sts:AssumeRole"
                      - Effect   = "Allow"
                      - Resource = "arn:aws:iam::684969100054:role/github-actions-infrastructure"
                      - Sid      = "AllowOIDCToAssumeRoles"
                    },
                  - {
                      - Action   = "kms:Decrypt"
                      - Effect   = "Allow"
                      - Resource = "*"
                      - Sid      = "AllowOIDCToDecryptKMS"
                    },
                  - {
                      - Action   = [
                          - "s3:List*",
                          - "s3:Get*",
                        ]
                      - Effect   = "Allow"
                      - Resource = [
                          - "arn:aws:s3:::managed-pipelines-sandbox-pulumi-backend/*",
                          - "arn:aws:s3:::managed-pipelines-sandbox-pulumi-backend/",
                        ]
                      - Sid      = "AllowOIDCReadState"
                    },
                  - {
                      - Action   = [
                          - "s3:PutObjectAcl",
                          - "s3:PutObject",
                          - "s3:DeleteObject",
                        ]
                      - Effect   = "Allow"
                      - Resource = "arn:aws:s3:::managed-pipelines-sandbox-pulumi-backend/.pulumi/*"
                      - Sid      = "AllowOIDCWriteState"
                    },
                ]
              - Version   = "2012-10-17"
            }
        )
      - "arn:aws:iam::684969100054:role/github-data-engineering-pulumi-components"           = jsonencode(
            {
              - Statement = [
                  - {
                      - Action   = "sts:AssumeRole"
                      - Effect   = "Allow"
                      - Resource = "arn:aws:iam::684969100054:role/github-actions-infrastructure"
                      - Sid      = "AllowOIDCToAssumeRoles"
                    },
                  - {
                      - Action   = "kms:Decrypt"
                      - Effect   = "Allow"
                      - Resource = "*"
                      - Sid      = "AllowOIDCToDecryptKMS"
                    },
                  - {
                      - Action   = [
                          - "s3:List*",
                          - "s3:Get*",
                        ]
                      - Effect   = "Allow"
                      - Resource = [
                          - "arn:aws:s3:::sandbox-pulumi-backend/*",
                          - "arn:aws:s3:::sandbox-pulumi-backend/",
                        ]
                      - Sid      = "AllowOIDCReadState"
                    },
                  - {
                      - Action   = [
                          - "s3:PutObjectAcl",
                          - "s3:PutObject",
                          - "s3:DeleteObject",
                        ]
                      - Effect   = "Allow"
                      - Resource = "arn:aws:s3:::sandbox-pulumi-backend/.pulumi/*"
                      - Sid      = "AllowOIDCWriteState"
                    },
                  - {
                      - Action   = [
                          - "ssm:GetParametersByPath",
                          - "ssm:GetParameters",
                          - "ssm:GetParameterHistory",
                          - "ssm:GetParameter",
                        ]
                      - Effect   = "Allow"
                      - Resource = "arn:aws:ssm:eu-west-1:684969100054:parameter/data-eng-pulumi-component/dev/*"
                      - Sid      = "AllowSSMParameterRead"
                    },
                ]
              - Version   = "2012-10-17"
            }
        )
      - "arn:aws:iam::684969100054:role/github-lookup-offence-sandbox"                       = jsonencode(
            {
              - Statement = [
                  - {
                      - Action   = "sts:AssumeRole"
                      - Effect   = "Allow"
                      - Resource = "arn:aws:iam::684969100054:role/github-actions-infrastructure"
                      - Sid      = "AllowOIDCToAssumeRoles"
                    },
                  - {
                      - Action   = "kms:Decrypt"
                      - Effect   = "Allow"
                      - Resource = "*"
                      - Sid      = "AllowOIDCToDecryptKMS"
                    },
                ]
              - Version   = "2012-10-17"
            }
        )
      - "arn:aws:iam::684969100054:role/github-pulumi-oidc-test"                             = jsonencode(
            {
              - Statement = [
                  - {
                      - Action   = "sts:AssumeRole"
                      - Effect   = "Allow"
                      - Resource = "arn:aws:iam::684969100054:role/github-actions-infrastructure"
                      - Sid      = "AllowOIDCToAssumeRoles"
                    },
                  - {
                      - Action   = "kms:Decrypt"
                      - Effect   = "Allow"
                      - Resource = "*"
                      - Sid      = "AllowOIDCToDecryptKMS"
                    },
                  - {
                      - Action   = [
                          - "s3:List*",
                          - "s3:Get*",
                        ]
                      - Effect   = "Allow"
                      - Resource = [
                          - "arn:aws:s3:::sandbox-pulumi-backend/*",
                          - "arn:aws:s3:::sandbox-pulumi-backend/",
                        ]
                      - Sid      = "AllowOIDCReadState"
                    },
                  - {
                      - Action   = [
                          - "s3:PutObjectAcl",
                          - "s3:PutObject",
                          - "s3:DeleteObject",
                        ]
                      - Effect   = "Allow"
                      - Resource = "arn:aws:s3:::sandbox-pulumi-backend/pulumi-oidc-test/.pulumi/*"
                      - Sid      = "AllowOIDCWriteState"
                    },
                ]
              - Version   = "2012-10-17"
            }
        )
    } -> null



Note: You didn't use the -out option to save this plan, so Terraform can't
guarantee to take exactly these actions if you run "terraform apply" now.
